# JRE version: OpenJDK Runtime Environment (21.0.4) (build 21.0.4+-12508038-b607.1)
# Java VM: OpenJDK 64-Bit Server VM (21.0.4+-12508038-b607.1, mixed mode, tiered, compressed oops, compressed class ptrs, g1 gc, windows-amd64)
GC Precious Log:
 CardTable entry size: 512
 Card Set container configuration: InlinePtr #cards 5 size 8 Array Of Cards #cards 12 size 40 Howl #buckets 4 coarsen threshold 1843 Howl Bitmap #cards 512 size 80 coarsen threshold 460 Card regions per heap region 1 cards per card region 2048
 CPUs: 8 total, 8 available
 Memory: 7942M
 Large Page Support: Disabled
 NUMA Support: Disabled
 Compressed Oops: Enabled (32-bit)
 Heap Region Size: 1M
 Heap Min Capacity: 8M
 Heap Initial Capacity: 126M
 Heap Max Capacity: 2G
 Pre-touch: Disabled
 Parallel Workers: 8
 Concurrent Workers: 2
 Concurrent Refinement Workers: 8
 Periodic GC: Disabled
Heap:
 garbage-first heap   total 337920K, used 200097K [0x0000000080000000, 0x0000000100000000)
  region size 1024K, 7 young (7168K), 7 survivors (7168K)
 Metaspace       used 139325K, committed 141504K, reserved 1179648K
  class space    used 18872K, committed 19968K, reserved 1048576K
GC Heap History (20 events):
Event: 14.091 GC heap after
{Heap after GC invocations=36 (full 0):
 garbage-first heap   total 305152K, used 100597K [0x0000000080000000, 0x0000000100000000)
  region size 1024K, 6 young (6144K), 6 survivors (6144K)
 Metaspace       used 103651K, committed 105728K, reserved 1179648K
  class space    used 14230K, committed 15296K, reserved 1048576K
}
Event: 16.086 GC heap before
{Heap before GC invocations=36 (full 0):
 garbage-first heap   total 305152K, used 244981K [0x0000000080000000, 0x0000000100000000)
  region size 1024K, 149 young (152576K), 6 survivors (6144K)
 Metaspace       used 109638K, committed 111808K, reserved 1179648K
  class space    used 15068K, committed 16192K, reserved 1048576K
}
Event: 16.104 GC heap after
{Heap after GC invocations=37 (full 0):
 garbage-first heap   total 305152K, used 112790K [0x0000000080000000, 0x0000000100000000)
  region size 1024K, 18 young (18432K), 18 survivors (18432K)
 Metaspace       used 109638K, committed 111808K, reserved 1179648K
  class space    used 15068K, committed 16192K, reserved 1048576K
}
Event: 22.657 GC heap before
{Heap before GC invocations=38 (full 0):
 garbage-first heap   total 305152K, used 263318K [0x0000000080000000, 0x0000000100000000)
  region size 1024K, 161 young (164864K), 18 survivors (18432K)
 Metaspace       used 121180K, committed 123328K, reserved 1179648K
  class space    used 16279K, committed 17344K, reserved 1048576K
}
Event: 22.697 GC heap after
{Heap after GC invocations=39 (full 0):
 garbage-first heap   total 305152K, used 119891K [0x0000000080000000, 0x0000000100000000)
  region size 1024K, 10 young (10240K), 10 survivors (10240K)
 Metaspace       used 121180K, committed 123328K, reserved 1179648K
  class space    used 16279K, committed 17344K, reserved 1048576K
}
Event: 24.435 GC heap before
{Heap before GC invocations=39 (full 0):
 garbage-first heap   total 305152K, used 264275K [0x0000000080000000, 0x0000000100000000)
  region size 1024K, 152 young (155648K), 10 survivors (10240K)
 Metaspace       used 123859K, committed 126016K, reserved 1179648K
  class space    used 16629K, committed 17728K, reserved 1048576K
}
Event: 24.463 GC heap after
{Heap after GC invocations=40 (full 0):
 garbage-first heap   total 305152K, used 133742K [0x0000000080000000, 0x0000000100000000)
  region size 1024K, 19 young (19456K), 19 survivors (19456K)
 Metaspace       used 123859K, committed 126016K, reserved 1179648K
  class space    used 16629K, committed 17728K, reserved 1048576K
}
Event: 25.525 GC heap before
{Heap before GC invocations=40 (full 0):
 garbage-first heap   total 305152K, used 267886K [0x0000000080000000, 0x0000000100000000)
  region size 1024K, 150 young (153600K), 19 survivors (19456K)
 Metaspace       used 129697K, committed 131904K, reserved 1179648K
  class space    used 17513K, committed 18624K, reserved 1048576K
}
Event: 25.570 GC heap after
{Heap after GC invocations=41 (full 0):
 garbage-first heap   total 310272K, used 156178K [0x0000000080000000, 0x0000000100000000)
  region size 1024K, 19 young (19456K), 19 survivors (19456K)
 Metaspace       used 129697K, committed 131904K, reserved 1179648K
  class space    used 17513K, committed 18624K, reserved 1048576K
}
Event: 26.486 GC heap before
{Heap before GC invocations=42 (full 0):
 garbage-first heap   total 310272K, used 268818K [0x0000000080000000, 0x0000000100000000)
  region size 1024K, 130 young (133120K), 19 survivors (19456K)
 Metaspace       used 132519K, committed 134784K, reserved 1179648K
  class space    used 17947K, committed 19072K, reserved 1048576K
}
Event: 26.540 GC heap after
{Heap after GC invocations=43 (full 0):
 garbage-first heap   total 311296K, used 178099K [0x0000000080000000, 0x0000000100000000)
  region size 1024K, 17 young (17408K), 17 survivors (17408K)
 Metaspace       used 132519K, committed 134784K, reserved 1179648K
  class space    used 17947K, committed 19072K, reserved 1048576K
}
Event: 26.853 GC heap before
{Heap before GC invocations=43 (full 0):
 garbage-first heap   total 311296K, used 273331K [0x0000000080000000, 0x0000000100000000)
  region size 1024K, 111 young (113664K), 17 survivors (17408K)
 Metaspace       used 134234K, committed 136448K, reserved 1179648K
  class space    used 18274K, committed 19392K, reserved 1048576K
}
Event: 26.896 GC heap after
{Heap after GC invocations=44 (full 0):
 garbage-first heap   total 312320K, used 194560K [0x0000000080000000, 0x0000000100000000)
  region size 1024K, 14 young (14336K), 14 survivors (14336K)
 Metaspace       used 134234K, committed 136448K, reserved 1179648K
  class space    used 18274K, committed 19392K, reserved 1048576K
}
Event: 27.939 GC heap before
{Heap before GC invocations=44 (full 0):
 garbage-first heap   total 312320K, used 277504K [0x0000000080000000, 0x0000000100000000)
  region size 1024K, 96 young (98304K), 14 survivors (14336K)
 Metaspace       used 137834K, committed 140032K, reserved 1179648K
  class space    used 18740K, committed 19840K, reserved 1048576K
}
Event: 27.969 GC heap after
{Heap after GC invocations=45 (full 0):
 garbage-first heap   total 312320K, used 202752K [0x0000000080000000, 0x0000000100000000)
  region size 1024K, 6 young (6144K), 6 survivors (6144K)
 Metaspace       used 137834K, committed 140032K, reserved 1179648K
  class space    used 18740K, committed 19840K, reserved 1048576K
}
Event: 29.289 GC heap before
{Heap before GC invocations=46 (full 0):
 garbage-first heap   total 337920K, used 283648K [0x0000000080000000, 0x0000000100000000)
  region size 1024K, 85 young (87040K), 6 survivors (6144K)
 Metaspace       used 138715K, committed 140928K, reserved 1179648K
  class space    used 18812K, committed 19904K, reserved 1048576K
}
Event: 29.300 GC heap after
{Heap after GC invocations=47 (full 0):
 garbage-first heap   total 337920K, used 202282K [0x0000000080000000, 0x0000000100000000)
  region size 1024K, 6 young (6144K), 6 survivors (6144K)
 Metaspace       used 138715K, committed 140928K, reserved 1179648K
  class space    used 18812K, committed 19904K, reserved 1048576K
}
Event: 29.778 GC heap before
{Heap before GC invocations=47 (full 0):
 garbage-first heap   total 337920K, used 306730K [0x0000000080000000, 0x0000000100000000)
  region size 1024K, 108 young (110592K), 6 survivors (6144K)
 Metaspace       used 139194K, committed 141376K, reserved 1179648K
  class space    used 18861K, committed 19968K, reserved 1048576K
}
Event: 29.796 GC heap after
{Heap after GC invocations=48 (full 0):
 garbage-first heap   total 337920K, used 199817K [0x0000000080000000, 0x0000000100000000)
  region size 1024K, 7 young (7168K), 7 survivors (7168K)
 Metaspace       used 139194K, committed 141376K, reserved 1179648K
  class space    used 18861K, committed 19968K, reserved 1048576K
}
Event: 30.216 GC heap before
{Heap before GC invocations=48 (full 0):
 garbage-first heap   total 337920K, used 309385K [0x0000000080000000, 0x0000000100000000)
  region size 1024K, 115 young (117760K), 7 survivors (7168K)
 Metaspace       used 139325K, committed 141504K, reserved 1179648K
  class space    used 18872K, committed 19968K, reserved 1048576K
}

