# JRE version: OpenJDK Runtime Environment (21.0.4) (build 21.0.4+-12508038-b607.1)
# Java VM: OpenJDK 64-Bit Server VM (21.0.4+-12508038-b607.1, mixed mode, tiered, compressed oops, compressed class ptrs, g1 gc, windows-amd64)
GC Precious Log:
 CardTable entry size: 512
 Card Set container configuration: InlinePtr #cards 5 size 8 Array Of Cards #cards 12 size 40 Howl #buckets 4 coarsen threshold 1843 Howl Bitmap #cards 512 size 80 coarsen threshold 460 Card regions per heap region 1 cards per card region 2048
 CPUs: 8 total, 8 available
 Memory: 7942M
 Large Page Support: Disabled
 NUMA Support: Disabled
 Compressed Oops: Enabled (32-bit)
 Heap Region Size: 1M
 Heap Min Capacity: 8M
 Heap Initial Capacity: 126M
 Heap Max Capacity: 2G
 Pre-touch: Disabled
 Parallel Workers: 8
 Concurrent Workers: 2
 Concurrent Refinement Workers: 8
 Periodic GC: Disabled
Heap:
 garbage-first heap   total 376832K, used 195330K [0x0000000080000000, 0x0000000100000000)
  region size 1024K, 8 young (8192K), 8 survivors (8192K)
 Metaspace       used 130145K, committed 132288K, reserved 1179648K
  class space    used 17922K, committed 19008K, reserved 1048576K
GC Heap History (20 events):
Event: 18.750 GC heap after
{Heap after GC invocations=45 (full 0):
 garbage-first heap   total 224256K, used 160749K [0x0000000080000000, 0x0000000100000000)
  region size 1024K, 8 young (8192K), 8 survivors (8192K)
 Metaspace       used 120747K, committed 122880K, reserved 1179648K
  class space    used 16569K, committed 17664K, reserved 1048576K
}
Event: 18.973 GC heap before
{Heap before GC invocations=45 (full 0):
 garbage-first heap   total 224256K, used 202733K [0x0000000080000000, 0x0000000100000000)
  region size 1024K, 50 young (51200K), 8 survivors (8192K)
 Metaspace       used 122905K, committed 124992K, reserved 1179648K
  class space    used 16974K, committed 18048K, reserved 1048576K
}
Event: 18.991 GC heap after
{Heap after GC invocations=46 (full 0):
 garbage-first heap   total 376832K, used 168960K [0x0000000080000000, 0x0000000100000000)
  region size 1024K, 7 young (7168K), 7 survivors (7168K)
 Metaspace       used 122905K, committed 124992K, reserved 1179648K
  class space    used 16974K, committed 18048K, reserved 1048576K
}
Event: 19.854 GC heap before
{Heap before GC invocations=47 (full 0):
 garbage-first heap   total 376832K, used 315392K [0x0000000080000000, 0x0000000100000000)
  region size 1024K, 151 young (154624K), 7 survivors (7168K)
 Metaspace       used 127178K, committed 129280K, reserved 1179648K
  class space    used 17684K, committed 18752K, reserved 1048576K
}
Event: 20.078 GC heap after
{Heap after GC invocations=48 (full 0):
 garbage-first heap   total 376832K, used 191705K [0x0000000080000000, 0x0000000100000000)
  region size 1024K, 19 young (19456K), 19 survivors (19456K)
 Metaspace       used 127178K, committed 129280K, reserved 1179648K
  class space    used 17684K, committed 18752K, reserved 1048576K
}
Event: 21.153 GC heap before
{Heap before GC invocations=48 (full 0):
 garbage-first heap   total 376832K, used 310489K [0x0000000080000000, 0x0000000100000000)
  region size 1024K, 135 young (138240K), 19 survivors (19456K)
 Metaspace       used 129057K, committed 131200K, reserved 1179648K
  class space    used 17858K, committed 18944K, reserved 1048576K
}
Event: 21.174 GC heap after
{Heap after GC invocations=49 (full 0):
 garbage-first heap   total 376832K, used 195024K [0x0000000080000000, 0x0000000100000000)
  region size 1024K, 4 young (4096K), 4 survivors (4096K)
 Metaspace       used 129057K, committed 131200K, reserved 1179648K
  class space    used 17858K, committed 18944K, reserved 1048576K
}
Event: 21.804 GC heap before
{Heap before GC invocations=49 (full 0):
 garbage-first heap   total 376832K, used 320976K [0x0000000080000000, 0x0000000100000000)
  region size 1024K, 127 young (130048K), 4 survivors (4096K)
 Metaspace       used 129434K, committed 131584K, reserved 1179648K
  class space    used 17894K, committed 19008K, reserved 1048576K
}
Event: 21.812 GC heap after
{Heap after GC invocations=50 (full 0):
 garbage-first heap   total 376832K, used 195492K [0x0000000080000000, 0x0000000100000000)
  region size 1024K, 5 young (5120K), 5 survivors (5120K)
 Metaspace       used 129434K, committed 131584K, reserved 1179648K
  class space    used 17894K, committed 19008K, reserved 1048576K
}
Event: 22.365 GC heap before
{Heap before GC invocations=50 (full 0):
 garbage-first heap   total 376832K, used 331684K [0x0000000080000000, 0x0000000100000000)
  region size 1024K, 138 young (141312K), 5 survivors (5120K)
 Metaspace       used 129593K, committed 131712K, reserved 1179648K
  class space    used 17900K, committed 19008K, reserved 1048576K
}
Event: 22.372 GC heap after
{Heap after GC invocations=51 (full 0):
 garbage-first heap   total 376832K, used 195251K [0x0000000080000000, 0x0000000100000000)
  region size 1024K, 5 young (5120K), 5 survivors (5120K)
 Metaspace       used 129593K, committed 131712K, reserved 1179648K
  class space    used 17900K, committed 19008K, reserved 1048576K
}
Event: 22.747 GC heap before
{Heap before GC invocations=51 (full 0):
 garbage-first heap   total 376832K, used 339635K [0x0000000080000000, 0x0000000100000000)
  region size 1024K, 146 young (149504K), 5 survivors (5120K)
 Metaspace       used 129765K, committed 131904K, reserved 1179648K
  class space    used 17909K, committed 19008K, reserved 1048576K
}
Event: 22.758 GC heap after
{Heap after GC invocations=52 (full 0):
 garbage-first heap   total 376832K, used 196355K [0x0000000080000000, 0x0000000100000000)
  region size 1024K, 6 young (6144K), 6 survivors (6144K)
 Metaspace       used 129765K, committed 131904K, reserved 1179648K
  class space    used 17909K, committed 19008K, reserved 1048576K
}
Event: 23.278 GC heap before
{Heap before GC invocations=52 (full 0):
 garbage-first heap   total 376832K, used 345859K [0x0000000080000000, 0x0000000100000000)
  region size 1024K, 152 young (155648K), 6 survivors (6144K)
 Metaspace       used 129960K, committed 132096K, reserved 1179648K
  class space    used 17912K, committed 19008K, reserved 1048576K
}
Event: 23.288 GC heap after
{Heap after GC invocations=53 (full 0):
 garbage-first heap   total 376832K, used 196739K [0x0000000080000000, 0x0000000100000000)
  region size 1024K, 6 young (6144K), 6 survivors (6144K)
 Metaspace       used 129960K, committed 132096K, reserved 1179648K
  class space    used 17912K, committed 19008K, reserved 1048576K
}
Event: 23.851 GC heap before
{Heap before GC invocations=54 (full 0):
 garbage-first heap   total 376832K, used 350339K [0x0000000080000000, 0x0000000100000000)
  region size 1024K, 156 young (159744K), 6 survivors (6144K)
 Metaspace       used 129962K, committed 132160K, reserved 1179648K
  class space    used 17905K, committed 19008K, reserved 1048576K
}
Event: 23.861 GC heap after
{Heap after GC invocations=55 (full 0):
 garbage-first heap   total 376832K, used 197334K [0x0000000080000000, 0x0000000100000000)
  region size 1024K, 7 young (7168K), 7 survivors (7168K)
 Metaspace       used 129962K, committed 132160K, reserved 1179648K
  class space    used 17905K, committed 19008K, reserved 1048576K
}
Event: 24.189 GC heap before
{Heap before GC invocations=55 (full 0):
 garbage-first heap   total 376832K, used 348886K [0x0000000080000000, 0x0000000100000000)
  region size 1024K, 155 young (158720K), 7 survivors (7168K)
 Metaspace       used 130033K, committed 132224K, reserved 1179648K
  class space    used 17907K, committed 19008K, reserved 1048576K
}
Event: 24.203 GC heap after
{Heap after GC invocations=56 (full 0):
 garbage-first heap   total 376832K, used 194530K [0x0000000080000000, 0x0000000100000000)
  region size 1024K, 8 young (8192K), 8 survivors (8192K)
 Metaspace       used 130033K, committed 132224K, reserved 1179648K
  class space    used 17907K, committed 19008K, reserved 1048576K
}
Event: 24.488 GC heap before
{Heap before GC invocations=56 (full 0):
 garbage-first heap   total 376832K, used 348130K [0x0000000080000000, 0x0000000100000000)
  region size 1024K, 158 young (161792K), 8 survivors (8192K)
 Metaspace       used 130145K, committed 132288K, reserved 1179648K
  class space    used 17922K, committed 19008K, reserved 1048576K
}

